<?xml version="1.0" encoding="UTF-8"?>
<!-- Generated by org.testng.reporters.JUnitReportReporter -->
<testsuite hostname="HarshAgarwal-FVFHG5HGQ05D" failures="0" tests="3" name="com.browserstack.BStackDemoTest" time="62.016" errors="0" timestamp="2023-03-01T18:43:00 IST" skipped="0">
  <testcase classname="com.browserstack.BStackDemoTest" name="addProductToCart" time="18.778"/>
  <system-out/>
  <testcase classname="com.browserstack.BStackDemoTest" name="addProductToCart" time="20.036"/>
  <system-out/>
  <testcase classname="com.browserstack.BStackDemoTest" name="addProductToCart" time="23.202"/>
  <system-out/>
</testsuite> <!-- com.browserstack.BStackDemoTest -->
